Assignment2                                                                                                             PAGE 1
  04FD                   1     HALT    EQU     04FDH
                         2
                         3
                         4
                         5
                         6     INITIALIZE:     ORG     8000H
8000 7531FD              7             MOV     31H, #0FDH
8003 753200              8             MOV     32H, #00H
8006 75333A              9             MOV     33H, #3AH       ; HEADER START
8009 753400             10             MOV     34H, #00H       ;LENGTH
800C 7535B0             11             MOV     35H, #0B0H      ;START ADDRESS HIGH
800F 753600             12             MOV     36H, #00H       ;START ADDRESS LOW
8012 753700             13             MOV     37H, #00H       ;TYPE
8015 7538B0             14             MOV     38H, #0B0H      ;STOP ADDRESS HIGH
8018 75391F             15             MOV     39H, #01FH      ;STOP ADDRESS LOW
801B 7800               16             MOV     R0, #00H
801D 758800             17             MOV     88H, #00H       ;SETTING TCON
8020 758920             18             MOV     89H, #20H       ;SETTING TMOD
8023 85318D             19             MOV     8DH, 31H        ; SETTING TH1
8026 758700             20             MOV     87H, #00H       ;SETTING SMOD
8029 759850             21             MOV     98H, #50H       ;SETTING SCON
802C 75A890             22             MOV     0A8H, #90H      ;SETTING INTERRUPT ENABLE
                        23
                        24
802F 12E000             25     LOOP1:  LCALL addrsub
8032 E538               26             MOV     A, 38H
8034 C3                 27             CLR     C
8035 9535               28             SUBB    A, 35H
8037 5002               29             JNC     JUMP
8039 805C               30             SJMP    EOF
803B B40014             31     JUMP:   CJNE    A, #00H, JUMP1
803E E539               32             MOV     A, 39H
8040 C3                 33             CLR     C
8041 9536               34             SUBB    A, 36H
8043 5002               35             JNC     JUMP2
8045 8050               36             SJMP    EOF
                        37
                        38     JUMP2:
8047 B40003             39             CJNE    A, #00H, J2
804A 0204FD             40             LJMP    HALT
804D F534               41     J2:     MOV     34H, A
804F C3                 42             CLR     C
8050 5003               43             JNC     JUMP3
                        44     JUMP1:
8052 7534FF             45             MOV     34H, #0FFH
                        46
                        47     JUMP3:
8055 7900               48             MOV     R1, #00H        ;STAGE REGISTER
8057 7A00               49             MOV     R2, #00H        ;CHECKSUM REGISTER
8059 7833               50             MOV     R0, #33H        ;LENGTH REGISTER
805B 758840             51             MOV     TCON, #40H
                        52     STAGE1:
805E D231               53             SETB    31H
8060 8699               54             MOV     SBUF, @R0
8062 2031FD             55             JB      31H, $
8065 E6                 56             MOV     A, @R0
8066 2A                 57             ADD     A, R2
8067 FA                 58             MOV     R2, A
8068 B838F3             59             CJNE    R0, #38H, STAGE1
806B 853583             60             MOV     DPH, 35H
806E 853682             61             MOV     DPL, 36H
8071 AB37               62             MOV     R3, 37H
                        63     STAGE2:
8073 D231               64             SETB    31H
8075 E0                 65             MOVX    A, @DPTR
8076 F599               66             MOV     SBUF, A
8078 2031FD             67             JB      31H, $
807B 2A                 68             ADD     A, R2
807C FA                 69             MOV     R2, A
807D A3                 70             INC     DPTR
807E 1B                 71             DEC     R3
807F BB00F1             72             CJNE    R3, #00H, STAGE2
8082 A3                 73             INC     DPTR
8083 EA                 74             MOV     A, R2
8084 F4                 75             CPL     A
8085 2401               76             ADD     A, #01h
8087 D231               77             SETB    31h
8089 FE                 78             mov     r6, a
808A F599               79             MOV     SBUF, A
808C 2031FD             80             JB      31H, $
808F 858335             81             MOV     35H, DPH
8092 858236             82             MOV     36H, DPL
8095 8098               83             SJMP    LOOP1
                        84
8097 D231               85     EOF:    SETB    31H
8099 75993A             86             MOV     SBUF,#3AH
809C 2031FD             87             JB      31H,$
809F D231               88             SETB    31H
80A1 759900             89             MOV     SBUF,#00H
80A4 2031FD             90             JB      31H,$
80A7 D231               91             SETB    31H
80A9 759900             92             MOV     SBUF,#00H
80AC 2031FD             93             JB      31H,$
80AF D231               94             SETB    31H
80B1 759900             95             MOV     SBUF,#00H
80B4 2031FD             96             JB      31H,$
80B7 D231               97             SETB    31H
80B9 759901             98             MOV     SBUF,#01H
80BC 2031FD             99             JB      31H,$
80BF D231              100             SETB    31H
80C1 7599FF            101             MOV     SBUF,#0FFH
80C4 2031FD            102             JB      31H,$
80C7 D231              103             SETB    31H
80C9 0280CC            104             LJMP    dOnE
                       105
80CC 757090            106     dOnE:   MOV     70H, #90H
80CF 7571E5            107             MOV     71H, #0E5H
80D2 12F000            108             LCALL   printsub
80D5 0570              109             INC     70H
80D7 7571F3            110             MOV     71H, #0F3H
80DA 12F000            111             LCALL   printsub
80DD 0570              112             INC     70H
80DF 757145            113             MOV     71H, #45H
80E2 12F000            114             LCALL   printsub
80E5 0570              115             INC     70H
80E7 757197            116             MOV     71H, #97H
80EA 12F000            117             LCALL   printsub
80ED 80DD              118             SJMP    dOnE
                       119
                       120     printsub:       ORG     0F000H
F000 90EC01            121             MOV     DPTR, #0EC01H
F003 E570              122             MOV     A, 70H
F005 F0                123             MOVX    @DPTR, A
F006 90EC00            124             MOV     DPTR, #0EC00H
F009 E571              125             MOV     A, 71H
F00B F0                126             MOVX    @DPTR, A
F00C 22                127             RET
                       128
                       129     addrsub:        ORG     0E000H
****WARNING: This ORG has lower value than the previous one
E000 E535              130             MOV     A,35H
E002 54F0              131             ANL     A,#0F0H
E004 C4                132             SWAP    A
E005 757090            133             MOV     70H, #90H
E008 12F050            134             LCALL   shap
E00B E535              135             MOV     A,35H
E00D 540F              136             ANL     A,#0FH
E00F 0570              137             INC     70H
E011 12F050            138             LCALL   shap
E014 E536              139             MOV     A,36H
E016 54F0              140             ANL     A,#0F0H
E018 C4                141             SWAP    A
E019 0570              142             INC     70H
E01B 12F050            143             LCALL   shap
E01E E536              144             MOV     A,36H
E020 540F              145             ANL     A,#0FH
E022 0570              146             INC     70H
E024 12F050            147             LCALL   shap
E027 22                148             RET
                       149
                       150     shap:   ORG     0F050H
F050 901BB7            151             MOV     DPTR,#1BB7H
F053 93                152             MOVC    A,@A+DPTR
F054 F571              153             MOV     71H,A
F056 12F000            154             LCALL   printsub
F059 22                155             RET
                       156
                       157     SUB:    org     0023H
****WARNING: This ORG has lower value than the previous one
0023 02FFF9            158             LJMP    subroutine
                       159
                       160
                       161     subroutine:     ORG     0FFF9H
FFF9 C231              162             CLR     31H
FFFB C299              163             CLR     TI
FFFD 08                164             INC     R0
FFFE 32                165             RETI
****WARNING: No instruction found at address 0x00. Consider usage of appropriate ORG directive to clarify correct code placement.
                       166
                       167
                       168
                       169
                       170
                       171
                       172
                       173
                       174
                       175
****WARNING: Missing `END' directive
ASSEMBLY COMPLETE, NO ERRORS FOUND, 4 WARNINGS


ERROR SUMMARY:
Line 129, WARNING: This ORG has lower value than the previous one
Line 158, WARNING: This ORG has lower value than the previous one
Line 167, WARNING: No instruction found at address 0x00. Consider usage of appropriate ORG directive to clarify correct code placement.
Line 178, WARNING: Missing `END' directive

SYMBOL TABLE:
??MCU_8051_IDE . . . . . . . . . . .  N  NUMB  8051H  NOT USED
??VERSION. . . . . . . . . . . . . .  N  NUMB  0147H  NOT USED
AC . . . . . . . . . . . . . . . . .  B  ADDR  00D6H  NOT USED
ACC. . . . . . . . . . . . . . . . .  D  ADDR  00E0H  NOT USED
ACSR . . . . . . . . . . . . . . . .  D  ADDR  0097H  NOT USED
ADCF . . . . . . . . . . . . . . . .  D  ADDR  00F6H  NOT USED
ADCLK. . . . . . . . . . . . . . . .  D  ADDR  00F2H  NOT USED
ADCON. . . . . . . . . . . . . . . .  D  ADDR  00F3H  NOT USED
ADDH . . . . . . . . . . . . . . . .  D  ADDR  00F5H  NOT USED
ADDL . . . . . . . . . . . . . . . .  D  ADDR  00F4H  NOT USED
ADDRSUB. . . . . . . . . . . . . . .  C  ADDR  E000H
AUXR . . . . . . . . . . . . . . . .  D  ADDR  008EH  NOT USED
AUXR1. . . . . . . . . . . . . . . .  D  ADDR  00A2H  NOT USED
B. . . . . . . . . . . . . . . . . .  D  ADDR  00F0H  NOT USED
BDRCON . . . . . . . . . . . . . . .  D  ADDR  009BH  NOT USED
BDRCON_1 . . . . . . . . . . . . . .  D  ADDR  009CH  NOT USED
BRL. . . . . . . . . . . . . . . . .  D  ADDR  009AH  NOT USED
CCAP0H . . . . . . . . . . . . . . .  D  ADDR  00FAH  NOT USED
CCAP0L . . . . . . . . . . . . . . .  D  ADDR  00EAH  NOT USED
CCAP1H . . . . . . . . . . . . . . .  D  ADDR  00FBH  NOT USED
CCAP1L . . . . . . . . . . . . . . .  D  ADDR  00EBH  NOT USED
CCAP2H . . . . . . . . . . . . . . .  D  ADDR  00FCH  NOT USED
CCAP3H . . . . . . . . . . . . . . .  D  ADDR  00FDH  NOT USED
CCAP4H . . . . . . . . . . . . . . .  D  ADDR  00FEH  NOT USED
CCAPL2H. . . . . . . . . . . . . . .  D  ADDR  00FCH  NOT USED
CCAPL2L. . . . . . . . . . . . . . .  D  ADDR  00ECH  NOT USED
CCAPL3H. . . . . . . . . . . . . . .  D  ADDR  00FDH  NOT USED
CCAPL3L. . . . . . . . . . . . . . .  D  ADDR  00EDH  NOT USED
CCAPL4H. . . . . . . . . . . . . . .  D  ADDR  00FEH  NOT USED
CCAPL4L. . . . . . . . . . . . . . .  D  ADDR  00EEH  NOT USED
CCAPM0 . . . . . . . . . . . . . . .  D  ADDR  00DAH  NOT USED
CCAPM1 . . . . . . . . . . . . . . .  D  ADDR  00DBH  NOT USED
CCAPM2 . . . . . . . . . . . . . . .  D  ADDR  00DCH  NOT USED
CCAPM3 . . . . . . . . . . . . . . .  D  ADDR  00DDH  NOT USED
CCAPM4 . . . . . . . . . . . . . . .  D  ADDR  00DEH  NOT USED
CCF0 . . . . . . . . . . . . . . . .  B  ADDR  00D8H  NOT USED
CCF1 . . . . . . . . . . . . . . . .  B  ADDR  00D9H  NOT USED
CCF2 . . . . . . . . . . . . . . . .  B  ADDR  00DAH  NOT USED
CCF3 . . . . . . . . . . . . . . . .  B  ADDR  00DBH  NOT USED
CCF4 . . . . . . . . . . . . . . . .  B  ADDR  00DCH  NOT USED
CCON . . . . . . . . . . . . . . . .  D  ADDR  00D8H  NOT USED
CFINT. . . . . . . . . . . . . . . .  C  ADDR  0033H  NOT USED
CH . . . . . . . . . . . . . . . . .  D  ADDR  00F9H  NOT USED
CKCON. . . . . . . . . . . . . . . .  D  ADDR  008FH  NOT USED
CKCON0 . . . . . . . . . . . . . . .  D  ADDR  008FH  NOT USED
CKRL . . . . . . . . . . . . . . . .  D  ADDR  0097H  NOT USED
CKSEL. . . . . . . . . . . . . . . .  D  ADDR  0085H  NOT USED
CL . . . . . . . . . . . . . . . . .  D  ADDR  00E9H  NOT USED
CLKREG . . . . . . . . . . . . . . .  D  ADDR  008FH  NOT USED
CMOD . . . . . . . . . . . . . . . .  D  ADDR  00D9H  NOT USED
CPRL2. . . . . . . . . . . . . . . .  B  ADDR  00C8H  NOT USED
CR . . . . . . . . . . . . . . . . .  B  ADDR  00DEH  NOT USED
CT2. . . . . . . . . . . . . . . . .  B  ADDR  00C9H  NOT USED
CY . . . . . . . . . . . . . . . . .  B  ADDR  00D7H  NOT USED
DONE . . . . . . . . . . . . . . . .  C  ADDR  80CCH
DP0H . . . . . . . . . . . . . . . .  D  ADDR  0083H  NOT USED
DP0L . . . . . . . . . . . . . . . .  D  ADDR  0082H  NOT USED
DP1H . . . . . . . . . . . . . . . .  D  ADDR  0085H  NOT USED
DP1L . . . . . . . . . . . . . . . .  D  ADDR  0084H  NOT USED
DPH. . . . . . . . . . . . . . . . .  D  ADDR  0083H
DPL. . . . . . . . . . . . . . . . .  D  ADDR  0082H
EA . . . . . . . . . . . . . . . . .  B  ADDR  00AFH  NOT USED
EC . . . . . . . . . . . . . . . . .  B  ADDR  00AEH  NOT USED
EECON. . . . . . . . . . . . . . . .  D  ADDR  0096H  NOT USED
EOF. . . . . . . . . . . . . . . . .  C  ADDR  8097H
ES . . . . . . . . . . . . . . . . .  B  ADDR  00ACH  NOT USED
ET0. . . . . . . . . . . . . . . . .  B  ADDR  00A9H  NOT USED
ET1. . . . . . . . . . . . . . . . .  B  ADDR  00ABH  NOT USED
ET2. . . . . . . . . . . . . . . . .  B  ADDR  00ADH  NOT USED
EX0. . . . . . . . . . . . . . . . .  B  ADDR  00A8H  NOT USED
EX1. . . . . . . . . . . . . . . . .  B  ADDR  00AAH  NOT USED
EXEN2. . . . . . . . . . . . . . . .  B  ADDR  00CBH  NOT USED
EXF2 . . . . . . . . . . . . . . . .  B  ADDR  00CEH  NOT USED
EXTI0. . . . . . . . . . . . . . . .  C  ADDR  0003H  NOT USED
EXTI1. . . . . . . . . . . . . . . .  C  ADDR  0013H  NOT USED
F0 . . . . . . . . . . . . . . . . .  B  ADDR  00D5H  NOT USED
FE . . . . . . . . . . . . . . . . .  B  ADDR  009FH  NOT USED
HALT . . . . . . . . . . . . . . . .  N  NUMB  04FDH
IE . . . . . . . . . . . . . . . . .  D  ADDR  00A8H  NOT USED
IE0. . . . . . . . . . . . . . . . .  B  ADDR  0089H  NOT USED
IE1. . . . . . . . . . . . . . . . .  B  ADDR  008BH  NOT USED
INITIALIZE . . . . . . . . . . . . .  C  ADDR  8000H  NOT USED
INT0 . . . . . . . . . . . . . . . .  B  ADDR  00B2H  NOT USED
INT1 . . . . . . . . . . . . . . . .  B  ADDR  00B3H  NOT USED
IP . . . . . . . . . . . . . . . . .  D  ADDR  00B8H  NOT USED
IPH. . . . . . . . . . . . . . . . .  D  ADDR  00B7H  NOT USED
IPH0 . . . . . . . . . . . . . . . .  D  ADDR  00B7H  NOT USED
IPH1 . . . . . . . . . . . . . . . .  D  ADDR  00B3H  NOT USED
IPL0 . . . . . . . . . . . . . . . .  D  ADDR  00B8H  NOT USED
IPL1 . . . . . . . . . . . . . . . .  D  ADDR  00B2H  NOT USED
IT0. . . . . . . . . . . . . . . . .  B  ADDR  0088H  NOT USED
IT1. . . . . . . . . . . . . . . . .  B  ADDR  008AH  NOT USED
J2 . . . . . . . . . . . . . . . . .  C  ADDR  804DH
JUMP . . . . . . . . . . . . . . . .  C  ADDR  803BH
JUMP1. . . . . . . . . . . . . . . .  C  ADDR  8052H
JUMP2. . . . . . . . . . . . . . . .  C  ADDR  8047H
JUMP3. . . . . . . . . . . . . . . .  C  ADDR  8055H
KBE. . . . . . . . . . . . . . . . .  D  ADDR  009DH  NOT USED
KBF. . . . . . . . . . . . . . . . .  D  ADDR  009EH  NOT USED
KBLS . . . . . . . . . . . . . . . .  D  ADDR  009CH  NOT USED
LOOP1. . . . . . . . . . . . . . . .  C  ADDR  802FH
OSCCON . . . . . . . . . . . . . . .  D  ADDR  0086H  NOT USED
OV . . . . . . . . . . . . . . . . .  B  ADDR  00D2H  NOT USED
P. . . . . . . . . . . . . . . . . .  B  ADDR  00D0H  NOT USED
P0 . . . . . . . . . . . . . . . . .  D  ADDR  0080H  NOT USED
P1 . . . . . . . . . . . . . . . . .  D  ADDR  0090H  NOT USED
P1M1 . . . . . . . . . . . . . . . .  D  ADDR  00D4H  NOT USED
P1M2 . . . . . . . . . . . . . . . .  D  ADDR  00E2H  NOT USED
P2 . . . . . . . . . . . . . . . . .  D  ADDR  00A0H  NOT USED
P3 . . . . . . . . . . . . . . . . .  D  ADDR  00B0H  NOT USED
P3M1 . . . . . . . . . . . . . . . .  D  ADDR  00D5H  NOT USED
P3M2 . . . . . . . . . . . . . . . .  D  ADDR  00E3H  NOT USED
P4 . . . . . . . . . . . . . . . . .  D  ADDR  00C0H  NOT USED
P4M1 . . . . . . . . . . . . . . . .  D  ADDR  00D6H  NOT USED
P4M2 . . . . . . . . . . . . . . . .  D  ADDR  00E4H  NOT USED
P5 . . . . . . . . . . . . . . . . .  D  ADDR  00E8H  NOT USED
PC . . . . . . . . . . . . . . . . .  B  ADDR  00BEH  NOT USED
PCON . . . . . . . . . . . . . . . .  D  ADDR  0087H  NOT USED
PPCL . . . . . . . . . . . . . . . .  B  ADDR  00BEH  NOT USED
PRINTSUB . . . . . . . . . . . . . .  C  ADDR  F000H
PS . . . . . . . . . . . . . . . . .  B  ADDR  00BCH  NOT USED
PSL. . . . . . . . . . . . . . . . .  B  ADDR  00BCH  NOT USED
PSW. . . . . . . . . . . . . . . . .  D  ADDR  00D0H  NOT USED
PT0. . . . . . . . . . . . . . . . .  B  ADDR  00B9H  NOT USED
PT0L . . . . . . . . . . . . . . . .  B  ADDR  00B9H  NOT USED
PT1. . . . . . . . . . . . . . . . .  B  ADDR  00BBH  NOT USED
PT1L . . . . . . . . . . . . . . . .  B  ADDR  00BBH  NOT USED
PT2. . . . . . . . . . . . . . . . .  B  ADDR  00BDH  NOT USED
PT2L . . . . . . . . . . . . . . . .  B  ADDR  00BDH  NOT USED
PX0. . . . . . . . . . . . . . . . .  B  ADDR  00B8H  NOT USED
PX0L . . . . . . . . . . . . . . . .  B  ADDR  00B8H  NOT USED
PX1. . . . . . . . . . . . . . . . .  B  ADDR  00BAH  NOT USED
PX1L . . . . . . . . . . . . . . . .  B  ADDR  00BAH  NOT USED
RB8. . . . . . . . . . . . . . . . .  B  ADDR  009AH  NOT USED
RCAP2H . . . . . . . . . . . . . . .  D  ADDR  00CBH  NOT USED
RCAP2L . . . . . . . . . . . . . . .  D  ADDR  00CAH  NOT USED
RCLK . . . . . . . . . . . . . . . .  B  ADDR  00CDH  NOT USED
RD . . . . . . . . . . . . . . . . .  B  ADDR  00B7H  NOT USED
REN. . . . . . . . . . . . . . . . .  B  ADDR  009CH  NOT USED
RESET. . . . . . . . . . . . . . . .  C  ADDR  0000H  NOT USED
RI . . . . . . . . . . . . . . . . .  B  ADDR  0098H  NOT USED
RS0. . . . . . . . . . . . . . . . .  B  ADDR  00D3H  NOT USED
RS1. . . . . . . . . . . . . . . . .  B  ADDR  00D4H  NOT USED
RXD. . . . . . . . . . . . . . . . .  B  ADDR  00B0H  NOT USED
SADDR. . . . . . . . . . . . . . . .  D  ADDR  00A9H  NOT USED
SADDR_0. . . . . . . . . . . . . . .  D  ADDR  00A9H  NOT USED
SADDR_1. . . . . . . . . . . . . . .  D  ADDR  00AAH  NOT USED
SADEN. . . . . . . . . . . . . . . .  D  ADDR  00B9H  NOT USED
SADEN_0. . . . . . . . . . . . . . .  D  ADDR  00B9H  NOT USED
SADEN_1. . . . . . . . . . . . . . .  D  ADDR  00BAH  NOT USED
SBUF . . . . . . . . . . . . . . . .  D  ADDR  0099H
SCON . . . . . . . . . . . . . . . .  D  ADDR  0098H  NOT USED
SHAP . . . . . . . . . . . . . . . .  C  ADDR  F050H
SINT . . . . . . . . . . . . . . . .  C  ADDR  0023H  NOT USED
SM0. . . . . . . . . . . . . . . . .  B  ADDR  009FH  NOT USED
SM1. . . . . . . . . . . . . . . . .  B  ADDR  009EH  NOT USED
SM2. . . . . . . . . . . . . . . . .  B  ADDR  009DH  NOT USED
SP . . . . . . . . . . . . . . . . .  D  ADDR  0081H  NOT USED
SPCON. . . . . . . . . . . . . . . .  D  ADDR  00C3H  NOT USED
SPCR . . . . . . . . . . . . . . . .  D  ADDR  00D5H  NOT USED
SPDAT. . . . . . . . . . . . . . . .  D  ADDR  00C5H  NOT USED
SPDR . . . . . . . . . . . . . . . .  D  ADDR  0086H  NOT USED
SPSR . . . . . . . . . . . . . . . .  D  ADDR  00AAH  NOT USED
SPSTA. . . . . . . . . . . . . . . .  D  ADDR  00C4H  NOT USED
STAGE1 . . . . . . . . . . . . . . .  C  ADDR  805EH
STAGE2 . . . . . . . . . . . . . . .  C  ADDR  8073H
SUB. . . . . . . . . . . . . . . . .  C  ADDR  0023H  NOT USED
SUBROUTINE . . . . . . . . . . . . .  C  ADDR  FFF9H
T0 . . . . . . . . . . . . . . . . .  B  ADDR  00B4H  NOT USED
T1 . . . . . . . . . . . . . . . . .  B  ADDR  00B5H  NOT USED
T2CON. . . . . . . . . . . . . . . .  D  ADDR  00C8H  NOT USED
T2MOD. . . . . . . . . . . . . . . .  D  ADDR  00C9H  NOT USED
TB8. . . . . . . . . . . . . . . . .  B  ADDR  009BH  NOT USED
TCLK . . . . . . . . . . . . . . . .  B  ADDR  00CCH  NOT USED
TCON . . . . . . . . . . . . . . . .  D  ADDR  0088H
TF0. . . . . . . . . . . . . . . . .  B  ADDR  008DH  NOT USED
TF1. . . . . . . . . . . . . . . . .  B  ADDR  008FH  NOT USED
TF2. . . . . . . . . . . . . . . . .  B  ADDR  00CFH  NOT USED
TH0. . . . . . . . . . . . . . . . .  D  ADDR  008CH  NOT USED
TH1. . . . . . . . . . . . . . . . .  D  ADDR  008DH  NOT USED
TH2. . . . . . . . . . . . . . . . .  D  ADDR  00CDH  NOT USED
TI . . . . . . . . . . . . . . . . .  B  ADDR  0099H
TIMER0 . . . . . . . . . . . . . . .  C  ADDR  000BH  NOT USED
TIMER1 . . . . . . . . . . . . . . .  C  ADDR  001BH  NOT USED
TIMER2 . . . . . . . . . . . . . . .  C  ADDR  002BH  NOT USED
TL0. . . . . . . . . . . . . . . . .  D  ADDR  008AH  NOT USED
TL1. . . . . . . . . . . . . . . . .  D  ADDR  008BH  NOT USED
TL2. . . . . . . . . . . . . . . . .  D  ADDR  00CCH  NOT USED
TMOD . . . . . . . . . . . . . . . .  D  ADDR  0089H  NOT USED
TR0. . . . . . . . . . . . . . . . .  B  ADDR  008CH  NOT USED
TR1. . . . . . . . . . . . . . . . .  B  ADDR  008EH  NOT USED
TR2. . . . . . . . . . . . . . . . .  B  ADDR  00CAH  NOT USED
TXD. . . . . . . . . . . . . . . . .  B  ADDR  00B1H  NOT USED
WDTCON . . . . . . . . . . . . . . .  D  ADDR  00A7H  NOT USED
WDTPRG . . . . . . . . . . . . . . .  D  ADDR  00A7H  NOT USED
WDTRST . . . . . . . . . . . . . . .  D  ADDR  00A6H  NOT USED
WR . . . . . . . . . . . . . . . . .  B  ADDR  00B6H  NOT USED
